{"/home/giovani/Documents/projects/clock-app/src/vite-env.d.ts": {"path":"/home/giovani/Documents/projects/clock-app/src/vite-env.d.ts","statementMap":{},"fnMap":{},"branchMap":{},"s":{},"f":{},"b":{}}
,"/home/giovani/Documents/projects/clock-app/src/pages/Home/styles.ts": {"path":"/home/giovani/Documents/projects/clock-app/src/pages/Home/styles.ts","statementMap":{},"fnMap":{},"branchMap":{},"s":{},"f":{},"b":{}}
,"/home/giovani/Documents/projects/clock-app/src/styles/global.ts": {"path":"/home/giovani/Documents/projects/clock-app/src/styles/global.ts","statementMap":{"0":{"start":{"line":3,"column":27},"end":{"line":26,"column":1}},"1":{"start":{"line":12,"column":43},"end":{"line":12,"column":60}},"2":{"start":{"line":16,"column":33},"end":{"line":16,"column":50}},"3":{"start":{"line":17,"column":28},"end":{"line":17,"column":44}}},"fnMap":{"0":{"name":"(anonymous_0)","decl":{"start":{"line":12,"column":32},"end":{"line":12,"column":33}},"loc":{"start":{"line":12,"column":43},"end":{"line":12,"column":60}},"line":12},"1":{"name":"(anonymous_1)","decl":{"start":{"line":16,"column":22},"end":{"line":16,"column":23}},"loc":{"start":{"line":16,"column":33},"end":{"line":16,"column":50}},"line":16},"2":{"name":"(anonymous_2)","decl":{"start":{"line":17,"column":17},"end":{"line":17,"column":18}},"loc":{"start":{"line":17,"column":28},"end":{"line":17,"column":44}},"line":17}},"branchMap":{},"s":{"0":0,"1":0,"2":0,"3":0},"f":{"0":0,"1":0,"2":0},"b":{}}
,"/home/giovani/Documents/projects/clock-app/src/styles/themes/default.ts": {"path":"/home/giovani/Documents/projects/clock-app/src/styles/themes/default.ts","statementMap":{"0":{"start":{"line":1,"column":28},"end":{"line":5,"column":1}}},"fnMap":{},"branchMap":{},"s":{"0":0},"f":{},"b":{}}
}
